
2024/09/07 (14:41:29) | ===> btop++ v.1.3.2
2024/09/07 (14:41:29) | WARNING: NVML: Failed to get maximum GPU power draw, defaulting to 225W: Not Supported

2024/09/09 (04:48:35) | ===> btop++ v.1.3.2
2024/09/09 (04:48:35) | WARNING: NVML: Failed to get maximum GPU power draw, defaulting to 225W: Not Supported

2024/09/09 (10:12:39) | ===> btop++ v.1.3.2
2024/09/09 (10:12:39) | WARNING: NVML: Failed to get maximum GPU power draw, defaulting to 225W: Not Supported

2024/09/09 (13:57:24) | ===> btop++ v.1.3.2
2024/09/09 (13:57:24) | WARNING: NVML: Failed to get maximum GPU power draw, defaulting to 225W: Not Supported

2024/09/11 (02:28:31) | ===> btop++ v.1.3.2
2024/09/11 (02:28:31) | WARNING: NVML: Failed to get maximum GPU power draw, defaulting to 225W: Not Supported

2024/09/11 (02:38:43) | ===> btop++ v.1.3.2
2024/09/11 (02:38:43) | WARNING: NVML: Failed to get maximum GPU power draw, defaulting to 225W: Not Supported

2024/09/11 (02:53:22) | ===> btop++ v.1.3.2
2024/09/11 (02:53:22) | WARNING: NVML: Failed to get maximum GPU power draw, defaulting to 225W: Not Supported

2024/09/11 (10:23:13) | ===> btop++ v.1.3.2
2024/09/11 (10:23:13) | WARNING: NVML: Failed to get maximum GPU power draw, defaulting to 225W: Not Supported

2024/09/11 (16:53:20) | ===> btop++ v.1.3.2
2024/09/11 (16:53:20) | WARNING: NVML: Failed to get maximum GPU power draw, defaulting to 225W: Not Supported

2024/09/12 (21:54:11) | ===> btop++ v.1.3.2
2024/09/12 (21:54:11) | WARNING: NVML: Failed to get maximum GPU power draw, defaulting to 225W: Not Supported

2024/09/12 (22:16:26) | ===> btop++ v.1.3.2
2024/09/12 (22:16:26) | WARNING: NVML: Failed to get maximum GPU power draw, defaulting to 225W: Not Supported

2024/09/14 (04:36:25) | ===> btop++ v.1.3.2
2024/09/14 (04:36:25) | WARNING: NVML: Failed to get maximum GPU power draw, defaulting to 225W: Not Supported

2024/09/15 (16:36:50) | ===> btop++ v.1.3.2
2024/09/15 (16:36:50) | WARNING: NVML: Failed to get maximum GPU power draw, defaulting to 225W: Not Supported

2024/09/15 (16:38:14) | ===> btop++ v.1.3.2
2024/09/15 (16:38:14) | WARNING: NVML: Failed to get maximum GPU power draw, defaulting to 225W: Not Supported

2024/09/15 (22:28:43) | ===> btop++ v.1.3.2
2024/09/15 (22:28:43) | WARNING: NVML: Failed to get maximum GPU power draw, defaulting to 225W: Not Supported

2024/09/15 (22:41:51) | ===> btop++ v.1.3.2
2024/09/15 (22:41:51) | WARNING: NVML: Failed to get maximum GPU power draw, defaulting to 225W: Not Supported

2024/09/16 (02:11:53) | ===> btop++ v.1.3.2
2024/09/16 (02:11:53) | WARNING: NVML: Failed to get maximum GPU power draw, defaulting to 225W: Not Supported

2024/09/18 (03:24:56) | ===> btop++ v.1.3.2
2024/09/18 (03:24:56) | WARNING: NVML: Failed to get maximum GPU power draw, defaulting to 225W: Not Supported

2024/09/20 (16:11:54) | ===> btop++ v.1.3.2
2024/09/20 (16:11:54) | WARNING: NVML: Failed to get maximum GPU power draw, defaulting to 225W: Not Supported

2024/10/05 (20:20:08) | ===> btop++ v.1.4.0
2024/10/05 (20:20:08) | WARNING: NVML: Failed to get maximum GPU power draw, defaulting to 225W: Not Supported
2024/10/05 (20:20:08) | WARNING: Intel GPU: Failed to initialize PMU
2024/10/05 (20:22:31) | ERROR: Stall in Runner thread, restarting!
2024/10/05 (20:24:05) | ERROR: Stall in Runner thread, restarting!
2024/10/05 (20:24:43) | ERROR: Stall in Runner thread, restarting!
2024/10/05 (20:27:04) | WARNING: Failed to join _runner thread on exit!

2024/10/05 (20:27:18) | ===> btop++ v.1.4.0
2024/10/05 (20:27:18) | WARNING: NVML: Failed to get maximum GPU power draw, defaulting to 225W: Not Supported
2024/10/05 (20:27:18) | WARNING: Intel GPU: Failed to initialize PMU

2024/10/07 (00:06:35) | ===> btop++ v.1.4.0
2024/10/07 (00:06:35) | WARNING: NVML: Failed to get maximum GPU power draw, defaulting to 225W: Not Supported
2024/10/07 (00:06:35) | WARNING: Intel GPU: Failed to initialize PMU

2024/10/07 (00:10:03) | ===> btop++ v.1.4.0
2024/10/07 (00:10:03) | WARNING: NVML: Failed to get maximum GPU power draw, defaulting to 225W: Not Supported
2024/10/07 (00:10:03) | WARNING: Intel GPU: Failed to initialize PMU

2024/10/11 (03:50:57) | ===> btop++ v.1.4.0
2024/10/11 (03:50:57) | WARNING: NVML: Failed to get maximum GPU power draw, defaulting to 225W: Not Supported
2024/10/11 (03:50:57) | WARNING: Intel GPU: Failed to initialize PMU

2024/10/12 (02:53:41) | ===> btop++ v.1.4.0
2024/10/12 (02:53:41) | WARNING: NVML: Failed to get maximum GPU power draw, defaulting to 225W: Not Supported
2024/10/12 (02:53:41) | WARNING: Intel GPU: Failed to initialize PMU

2024/10/14 (21:41:51) | ===> btop++ v.1.4.0
2024/10/14 (21:41:51) | WARNING: NVML: Failed to get maximum GPU power draw, defaulting to 225W: Not Supported
2024/10/14 (21:41:51) | WARNING: Intel GPU: Failed to initialize PMU

2024/10/15 (03:53:31) | ===> btop++ v.1.4.0
2024/10/15 (03:53:31) | WARNING: NVML: Failed to get maximum GPU power draw, defaulting to 225W: Not Supported
2024/10/15 (03:53:31) | WARNING: Intel GPU: Failed to initialize PMU

2024/10/17 (04:07:14) | ===> btop++ v.1.4.0
2024/10/17 (04:07:14) | WARNING: NVML: Failed to get maximum GPU power draw, defaulting to 225W: Not Supported
2024/10/17 (04:07:14) | WARNING: Intel GPU: Failed to initialize PMU

2024/10/19 (01:36:42) | ===> btop++ v.1.4.0
2024/10/19 (01:36:42) | WARNING: NVML: Failed to get maximum GPU power draw, defaulting to 225W: Not Supported
2024/10/19 (01:36:42) | WARNING: Intel GPU: Failed to initialize PMU

2024/10/19 (01:46:48) | ===> btop++ v.1.4.0
2024/10/19 (01:46:48) | WARNING: NVML: Failed to get maximum GPU power draw, defaulting to 225W: Not Supported
2024/10/19 (01:46:48) | WARNING: Intel GPU: Failed to initialize PMU

2024/10/19 (01:47:01) | ===> btop++ v.1.4.0
2024/10/19 (01:47:01) | WARNING: NVML: Failed to get maximum GPU power draw, defaulting to 225W: Not Supported
2024/10/19 (01:47:01) | WARNING: Intel GPU: Failed to initialize PMU

2024/10/19 (21:36:51) | ===> btop++ v.1.4.0
2024/10/19 (21:36:51) | WARNING: NVML: Failed to get maximum GPU power draw, defaulting to 225W: Not Supported
2024/10/19 (21:36:51) | WARNING: Intel GPU: Failed to initialize PMU

2024/10/23 (00:55:27) | ===> btop++ v.1.4.0
2024/10/23 (00:55:27) | WARNING: NVML: Failed to get maximum GPU power draw, defaulting to 225W: Not Supported
2024/10/23 (00:55:27) | WARNING: Intel GPU: Failed to initialize PMU

2024/10/23 (00:55:50) | ===> btop++ v.1.4.0
2024/10/23 (00:55:50) | WARNING: NVML: Failed to get maximum GPU power draw, defaulting to 225W: Not Supported
2024/10/23 (00:55:50) | WARNING: Intel GPU: Failed to initialize PMU

2024/11/01 (02:06:12) | ===> btop++ v.1.4.0
2024/11/01 (02:06:12) | WARNING: NVML: Failed to get maximum GPU power draw, defaulting to 225W: Not Supported
2024/11/01 (02:06:12) | WARNING: Intel GPU: Failed to initialize PMU

2024/11/01 (03:17:06) | ===> btop++ v.1.4.0
2024/11/01 (03:17:06) | WARNING: NVML: Failed to get maximum GPU power draw, defaulting to 225W: Not Supported
2024/11/01 (03:17:06) | WARNING: Intel GPU: Failed to initialize PMU

2024/11/01 (18:05:54) | ===> btop++ v.1.4.0
2024/11/01 (18:05:54) | WARNING: NVML: Failed to get maximum GPU power draw, defaulting to 225W: Not Supported
2024/11/01 (18:05:54) | WARNING: Intel GPU: Failed to initialize PMU

2024/11/02 (01:58:22) | ===> btop++ v.1.4.0
2024/11/02 (01:58:22) | WARNING: NVML: Failed to get maximum GPU power draw, defaulting to 225W: Not Supported
2024/11/02 (01:58:22) | WARNING: Intel GPU: Failed to initialize PMU

2024/11/02 (02:39:13) | ===> btop++ v.1.4.0
2024/11/02 (02:39:13) | WARNING: NVML: Failed to get maximum GPU power draw, defaulting to 225W: Not Supported
2024/11/02 (02:39:14) | WARNING: Intel GPU: Failed to initialize PMU

2024/11/02 (03:06:03) | ===> btop++ v.1.4.0
2024/11/02 (03:06:03) | WARNING: NVML: Failed to get maximum GPU power draw, defaulting to 225W: Not Supported
2024/11/02 (03:06:03) | WARNING: Intel GPU: Failed to initialize PMU

2024/11/02 (03:22:50) | ===> btop++ v.1.4.0
2024/11/02 (03:22:50) | WARNING: NVML: Failed to get maximum GPU power draw, defaulting to 225W: Not Supported
2024/11/02 (03:22:50) | WARNING: Intel GPU: Failed to initialize PMU

2024/11/02 (03:33:56) | ===> btop++ v.1.4.0
2024/11/02 (03:33:56) | WARNING: NVML: Failed to get maximum GPU power draw, defaulting to 225W: Not Supported
2024/11/02 (03:33:56) | WARNING: Intel GPU: Failed to initialize PMU

2024/11/02 (03:41:40) | ===> btop++ v.1.4.0
2024/11/02 (03:41:40) | WARNING: NVML: Failed to get maximum GPU power draw, defaulting to 225W: Not Supported
2024/11/02 (03:41:40) | WARNING: Intel GPU: Failed to initialize PMU

2024/11/02 (04:18:17) | ===> btop++ v.1.4.0
2024/11/02 (04:18:17) | WARNING: NVML: Failed to get maximum GPU power draw, defaulting to 225W: Not Supported
2024/11/02 (04:18:17) | WARNING: Intel GPU: Failed to initialize PMU

2024/11/02 (23:35:04) | ===> btop++ v.1.4.0
2024/11/02 (23:35:04) | WARNING: NVML: Failed to get maximum GPU power draw, defaulting to 225W: Not Supported
2024/11/02 (23:35:04) | WARNING: Intel GPU: Failed to initialize PMU

2024/11/02 (23:42:15) | ===> btop++ v.1.4.0
2024/11/02 (23:42:15) | WARNING: NVML: Failed to get maximum GPU power draw, defaulting to 225W: Not Supported
2024/11/02 (23:42:15) | WARNING: Intel GPU: Failed to initialize PMU

2024/11/02 (23:53:18) | ===> btop++ v.1.4.0
2024/11/02 (23:53:18) | WARNING: NVML: Failed to get maximum GPU power draw, defaulting to 225W: Not Supported
2024/11/02 (23:53:18) | WARNING: Intel GPU: Failed to initialize PMU

2024/11/03 (00:11:10) | ===> btop++ v.1.4.0
2024/11/03 (00:11:10) | WARNING: NVML: Failed to get maximum GPU power draw, defaulting to 225W: Not Supported
2024/11/03 (00:11:10) | WARNING: Intel GPU: Failed to initialize PMU

2024/11/09 (03:28:49) | ===> btop++ v.1.4.0
2024/11/09 (03:28:49) | WARNING: NVML: Failed to get maximum GPU power draw, defaulting to 225W: Not Supported
2024/11/09 (03:28:49) | WARNING: Intel GPU: Failed to initialize PMU

2024/11/10 (04:47:19) | ===> btop++ v.1.4.0
2024/11/10 (04:47:19) | WARNING: NVML: Failed to get maximum GPU power draw, defaulting to 225W: Not Supported
2024/11/10 (04:47:19) | WARNING: Intel GPU: Failed to initialize PMU

2024/11/10 (23:52:15) | ===> btop++ v.1.4.0
2024/11/10 (23:52:15) | WARNING: NVML: Failed to get maximum GPU power draw, defaulting to 225W: Not Supported
2024/11/10 (23:52:15) | WARNING: Intel GPU: Failed to initialize PMU

2024/11/11 (00:42:06) | ===> btop++ v.1.4.0
2024/11/11 (00:42:06) | WARNING: NVML: Failed to get maximum GPU power draw, defaulting to 225W: Not Supported
2024/11/11 (00:42:06) | WARNING: Intel GPU: Failed to initialize PMU

2024/11/11 (01:38:04) | ===> btop++ v.1.4.0
2024/11/11 (01:38:04) | WARNING: NVML: Failed to get maximum GPU power draw, defaulting to 225W: Not Supported
2024/11/11 (01:38:04) | WARNING: Intel GPU: Failed to initialize PMU

2024/11/11 (02:20:26) | ===> btop++ v.1.4.0
2024/11/11 (02:20:26) | WARNING: NVML: Failed to get maximum GPU power draw, defaulting to 225W: Not Supported
2024/11/11 (02:20:27) | WARNING: Intel GPU: Failed to initialize PMU

2024/11/11 (02:26:14) | ===> btop++ v.1.4.0
2024/11/11 (02:26:14) | WARNING: NVML: Failed to get maximum GPU power draw, defaulting to 225W: Not Supported
2024/11/11 (02:26:14) | WARNING: Intel GPU: Failed to initialize PMU

2024/11/11 (02:55:47) | ===> btop++ v.1.4.0
2024/11/11 (02:55:47) | WARNING: NVML: Failed to get maximum GPU power draw, defaulting to 225W: Not Supported
2024/11/11 (02:55:47) | WARNING: Intel GPU: Failed to initialize PMU

2024/11/11 (03:07:48) | ===> btop++ v.1.4.0
2024/11/11 (03:07:48) | WARNING: NVML: Failed to get maximum GPU power draw, defaulting to 225W: Not Supported
2024/11/11 (03:07:48) | WARNING: Intel GPU: Failed to initialize PMU

2024/11/11 (03:13:17) | ===> btop++ v.1.4.0
2024/11/11 (03:13:17) | WARNING: NVML: Failed to get maximum GPU power draw, defaulting to 225W: Not Supported
2024/11/11 (03:13:17) | WARNING: Intel GPU: Failed to initialize PMU

2024/11/11 (03:16:26) | ===> btop++ v.1.4.0
2024/11/11 (03:16:26) | WARNING: NVML: Failed to get maximum GPU power draw, defaulting to 225W: Not Supported
2024/11/11 (03:16:26) | WARNING: Intel GPU: Failed to initialize PMU

2024/11/11 (03:21:20) | ===> btop++ v.1.4.0
2024/11/11 (03:21:20) | WARNING: NVML: Failed to get maximum GPU power draw, defaulting to 225W: Not Supported
2024/11/11 (03:21:20) | WARNING: Intel GPU: Failed to initialize PMU

2024/11/11 (03:28:46) | ===> btop++ v.1.4.0
2024/11/11 (03:28:46) | WARNING: NVML: Failed to get maximum GPU power draw, defaulting to 225W: Not Supported
2024/11/11 (03:28:46) | WARNING: Intel GPU: Failed to initialize PMU

2024/11/11 (03:29:14) | ===> btop++ v.1.4.0
2024/11/11 (03:29:14) | WARNING: NVML: Failed to get maximum GPU power draw, defaulting to 225W: Not Supported
2024/11/11 (03:29:14) | WARNING: Intel GPU: Failed to initialize PMU

2024/11/11 (03:46:47) | ===> btop++ v.1.4.0
2024/11/11 (03:46:47) | WARNING: NVML: Failed to get maximum GPU power draw, defaulting to 225W: Not Supported
2024/11/11 (03:46:47) | WARNING: Intel GPU: Failed to initialize PMU

2024/11/11 (03:54:26) | ===> btop++ v.1.4.0
2024/11/11 (03:54:26) | WARNING: NVML: Failed to get maximum GPU power draw, defaulting to 225W: Not Supported
2024/11/11 (03:54:26) | WARNING: Intel GPU: Failed to initialize PMU

2024/11/11 (19:36:25) | ===> btop++ v.1.4.0
2024/11/11 (19:36:25) | WARNING: NVML: Failed to get maximum GPU power draw, defaulting to 225W: Not Supported
2024/11/11 (19:36:25) | WARNING: Intel GPU: Failed to initialize PMU

2024/11/12 (01:16:36) | ===> btop++ v.1.4.0
2024/11/12 (01:16:36) | WARNING: NVML: Failed to get maximum GPU power draw, defaulting to 225W: Not Supported
2024/11/12 (01:16:36) | WARNING: Intel GPU: Failed to initialize PMU

2024/11/12 (02:33:46) | ===> btop++ v.1.4.0
2024/11/12 (02:33:46) | WARNING: NVML: Failed to get maximum GPU power draw, defaulting to 225W: Not Supported
2024/11/12 (02:33:46) | WARNING: Intel GPU: Failed to initialize PMU

2024/11/14 (03:49:46) | ===> btop++ v.1.4.0
2024/11/14 (03:49:46) | WARNING: NVML: Failed to get maximum GPU power draw, defaulting to 225W: Not Supported
2024/11/14 (03:49:46) | WARNING: Intel GPU: Failed to initialize PMU

2024/11/14 (22:51:37) | ===> btop++ v.1.4.0
2024/11/14 (22:51:37) | WARNING: NVML: Failed to get maximum GPU power draw, defaulting to 225W: Not Supported
2024/11/14 (22:51:37) | WARNING: Intel GPU: Failed to initialize PMU

2024/11/16 (02:28:07) | ===> btop++ v.1.4.0
2024/11/16 (02:28:07) | WARNING: NVML: Failed to get maximum GPU power draw, defaulting to 225W: Not Supported
2024/11/16 (02:28:07) | WARNING: Intel GPU: Failed to initialize PMU

2024/11/16 (02:28:16) | ===> btop++ v.1.4.0
2024/11/16 (02:28:16) | WARNING: NVML: Failed to get maximum GPU power draw, defaulting to 225W: Not Supported
2024/11/16 (02:28:16) | WARNING: Intel GPU: Failed to initialize PMU

2024/11/16 (23:52:05) | ===> btop++ v.1.4.0
2024/11/16 (23:52:05) | WARNING: NVML: Failed to get maximum GPU power draw, defaulting to 225W: Not Supported
2024/11/16 (23:52:05) | WARNING: Intel GPU: Failed to initialize PMU

2024/11/17 (00:18:33) | ===> btop++ v.1.4.0
2024/11/17 (00:18:33) | WARNING: NVML: Failed to get maximum GPU power draw, defaulting to 225W: Not Supported
2024/11/17 (00:18:33) | WARNING: Intel GPU: Failed to initialize PMU

2024/11/17 (00:40:51) | ===> btop++ v.1.4.0
2024/11/17 (00:40:51) | WARNING: NVML: Failed to get maximum GPU power draw, defaulting to 225W: Not Supported
2024/11/17 (00:40:51) | WARNING: Intel GPU: Failed to initialize PMU

2024/11/17 (00:42:42) | ===> btop++ v.1.4.0
2024/11/17 (00:42:42) | WARNING: NVML: Failed to get maximum GPU power draw, defaulting to 225W: Not Supported
2024/11/17 (00:42:42) | WARNING: Intel GPU: Failed to initialize PMU

2024/11/17 (00:45:58) | ===> btop++ v.1.4.0
2024/11/17 (00:45:58) | WARNING: NVML: Failed to get maximum GPU power draw, defaulting to 225W: Not Supported
2024/11/17 (00:45:58) | WARNING: Intel GPU: Failed to initialize PMU

2024/11/20 (01:07:26) | ===> btop++ v.1.4.0
2024/11/20 (01:07:26) | WARNING: NVML: Failed to get maximum GPU power draw, defaulting to 225W: Not Supported
2024/11/20 (01:07:26) | WARNING: Intel GPU: Failed to initialize PMU

2024/11/20 (21:53:42) | ===> btop++ v.1.4.0
2024/11/20 (21:53:42) | WARNING: NVML: Failed to get maximum GPU power draw, defaulting to 225W: Not Supported
2024/11/20 (21:53:42) | WARNING: Intel GPU: Failed to initialize PMU

2024/11/20 (22:39:33) | ===> btop++ v.1.4.0
2024/11/20 (22:39:33) | WARNING: NVML: Failed to get maximum GPU power draw, defaulting to 225W: Not Supported
2024/11/20 (22:39:33) | WARNING: Intel GPU: Failed to initialize PMU

2024/11/22 (01:52:01) | ===> btop++ v.1.4.0
2024/11/22 (01:52:01) | WARNING: NVML: Failed to get maximum GPU power draw, defaulting to 225W: Not Supported
2024/11/22 (01:52:01) | WARNING: Intel GPU: Failed to initialize PMU

2024/11/23 (00:05:33) | ===> btop++ v.1.4.0
2024/11/23 (00:05:33) | WARNING: NVML: Failed to get maximum GPU power draw, defaulting to 225W: Not Supported
2024/11/23 (00:05:33) | WARNING: Intel GPU: Failed to initialize PMU

2024/11/24 (02:09:02) | ===> btop++ v.1.4.0
2024/11/24 (02:09:02) | WARNING: NVML: Failed to get maximum GPU power draw, defaulting to 225W: Not Supported
2024/11/24 (02:09:02) | WARNING: Intel GPU: Failed to initialize PMU

2024/11/25 (01:00:55) | ===> btop++ v.1.4.0
2024/11/25 (01:00:55) | WARNING: NVML: Failed to get maximum GPU power draw, defaulting to 225W: Not Supported
2024/11/25 (01:00:55) | WARNING: Intel GPU: Failed to initialize PMU

2024/11/25 (02:24:29) | ===> btop++ v.1.4.0
2024/11/25 (02:24:29) | WARNING: NVML: Failed to get maximum GPU power draw, defaulting to 225W: Not Supported
2024/11/25 (02:24:29) | WARNING: Intel GPU: Failed to initialize PMU

2024/11/26 (03:25:53) | ===> btop++ v.1.4.0
2024/11/26 (03:25:53) | WARNING: NVML: Failed to get maximum GPU power draw, defaulting to 225W: Not Supported
2024/11/26 (03:25:53) | WARNING: Intel GPU: Failed to initialize PMU

2024/11/27 (03:26:54) | ===> btop++ v.1.4.0
2024/11/27 (03:26:54) | WARNING: NVML: Failed to get maximum GPU power draw, defaulting to 225W: Not Supported
2024/11/27 (03:26:54) | WARNING: Intel GPU: Failed to initialize PMU

2024/11/28 (02:29:32) | ===> btop++ v.1.4.0
2024/11/28 (02:29:32) | WARNING: NVML: Failed to get maximum GPU power draw, defaulting to 225W: Not Supported
2024/11/28 (02:29:32) | WARNING: Intel GPU: Failed to initialize PMU

2024/11/28 (02:54:52) | ===> btop++ v.1.4.0
2024/11/28 (02:54:52) | WARNING: NVML: Failed to get maximum GPU power draw, defaulting to 225W: Not Supported
2024/11/28 (02:54:52) | WARNING: Intel GPU: Failed to initialize PMU

2024/11/28 (02:54:59) | ===> btop++ v.1.4.0
2024/11/28 (02:54:59) | WARNING: NVML: Failed to get maximum GPU power draw, defaulting to 225W: Not Supported
2024/11/28 (02:54:59) | WARNING: Intel GPU: Failed to initialize PMU

2024/11/29 (00:54:18) | ===> btop++ v.1.4.0
2024/11/29 (00:54:18) | WARNING: NVML: Failed to get maximum GPU power draw, defaulting to 225W: Not Supported
2024/11/29 (00:54:18) | WARNING: Intel GPU: Failed to initialize PMU

2024/11/29 (03:07:53) | ===> btop++ v.1.4.0
2024/11/29 (03:07:53) | WARNING: NVML: Failed to get maximum GPU power draw, defaulting to 225W: Not Supported
2024/11/29 (03:07:53) | WARNING: Intel GPU: Failed to initialize PMU

2024/11/30 (03:20:43) | ===> btop++ v.1.4.0
2024/11/30 (03:20:43) | WARNING: NVML: Failed to get maximum GPU power draw, defaulting to 225W: Not Supported
2024/11/30 (03:20:43) | WARNING: Intel GPU: Failed to initialize PMU

2024/12/01 (01:51:02) | ===> btop++ v.1.4.0
2024/12/01 (01:51:02) | WARNING: NVML: Failed to get maximum GPU power draw, defaulting to 225W: Not Supported
2024/12/01 (01:51:02) | WARNING: Intel GPU: Failed to initialize PMU

2024/12/03 (23:28:43) | ===> btop++ v.1.4.0
2024/12/03 (23:28:43) | WARNING: NVML: Failed to get maximum GPU power draw, defaulting to 225W: Not Supported
2024/12/03 (23:28:43) | WARNING: Intel GPU: Failed to initialize PMU

2024/12/04 (03:25:43) | ===> btop++ v.1.4.0
2024/12/04 (03:25:43) | WARNING: NVML: Failed to get maximum GPU power draw, defaulting to 225W: Not Supported
2024/12/04 (03:25:44) | WARNING: Intel GPU: Failed to initialize PMU

2024/12/07 (02:57:24) | ===> btop++ v.1.4.0
2024/12/07 (02:57:24) | WARNING: NVML: Failed to get maximum GPU power draw, defaulting to 225W: Not Supported
2024/12/07 (02:57:24) | WARNING: Intel GPU: Failed to initialize PMU

2024/12/08 (02:29:51) | ===> btop++ v.1.4.0
2024/12/08 (02:29:51) | WARNING: NVML: Failed to get maximum GPU power draw, defaulting to 225W: Not Supported
2024/12/08 (02:29:51) | WARNING: Intel GPU: Failed to initialize PMU

2024/12/11 (03:31:13) | ===> btop++ v.1.4.0
2024/12/11 (03:31:13) | WARNING: NVML: Failed to get maximum GPU power draw, defaulting to 225W: Not Supported
2024/12/11 (03:31:13) | WARNING: Intel GPU: Failed to initialize PMU

2024/12/11 (16:04:19) | ===> btop++ v.1.4.0
2024/12/11 (16:04:19) | WARNING: NVML: Failed to get maximum GPU power draw, defaulting to 225W: Not Supported
2024/12/11 (16:04:19) | WARNING: Intel GPU: Failed to initialize PMU

2024/12/11 (16:17:51) | ===> btop++ v.1.4.0
2024/12/11 (16:17:51) | WARNING: NVML: Failed to get maximum GPU power draw, defaulting to 225W: Not Supported
2024/12/11 (16:17:51) | WARNING: Intel GPU: Failed to initialize PMU

2024/12/11 (23:51:17) | ===> btop++ v.1.4.0
2024/12/11 (23:51:17) | WARNING: NVML: Failed to get maximum GPU power draw, defaulting to 225W: Not Supported
2024/12/11 (23:51:17) | WARNING: Intel GPU: Failed to initialize PMU

2024/12/11 (23:54:39) | ===> btop++ v.1.4.0
2024/12/11 (23:54:39) | WARNING: NVML: Failed to get maximum GPU power draw, defaulting to 225W: Not Supported
2024/12/11 (23:54:39) | WARNING: Intel GPU: Failed to initialize PMU

2024/12/12 (00:12:46) | ===> btop++ v.1.4.0
2024/12/12 (00:12:46) | WARNING: NVML: Failed to get maximum GPU power draw, defaulting to 225W: Not Supported
2024/12/12 (00:12:46) | WARNING: Intel GPU: Failed to initialize PMU

2024/12/12 (00:13:06) | ===> btop++ v.1.4.0
2024/12/12 (00:13:06) | WARNING: NVML: Failed to get maximum GPU power draw, defaulting to 225W: Not Supported
2024/12/12 (00:13:06) | WARNING: Intel GPU: Failed to initialize PMU

2024/12/12 (00:13:16) | ===> btop++ v.1.4.0
2024/12/12 (00:13:16) | WARNING: NVML: Failed to get maximum GPU power draw, defaulting to 225W: Not Supported
2024/12/12 (00:13:16) | WARNING: Intel GPU: Failed to initialize PMU

2024/12/12 (00:33:24) | ===> btop++ v.1.4.0
2024/12/12 (00:33:24) | WARNING: NVML: Failed to get maximum GPU power draw, defaulting to 225W: Not Supported
2024/12/12 (00:33:24) | WARNING: Intel GPU: Failed to initialize PMU

2024/12/12 (00:40:08) | ===> btop++ v.1.4.0
2024/12/12 (00:40:08) | WARNING: NVML: Failed to get maximum GPU power draw, defaulting to 225W: Not Supported
2024/12/12 (00:40:08) | WARNING: Intel GPU: Failed to initialize PMU

2024/12/12 (00:46:41) | ===> btop++ v.1.4.0
2024/12/12 (00:46:41) | WARNING: NVML: Failed to get maximum GPU power draw, defaulting to 225W: Not Supported
2024/12/12 (00:46:41) | WARNING: Intel GPU: Failed to initialize PMU

2024/12/12 (01:13:22) | ===> btop++ v.1.4.0
2024/12/12 (01:13:22) | WARNING: NVML: Failed to get maximum GPU power draw, defaulting to 225W: Not Supported
2024/12/12 (01:13:22) | WARNING: Intel GPU: Failed to initialize PMU

2024/12/12 (20:38:10) | ===> btop++ v.1.4.0
2024/12/12 (20:38:10) | WARNING: NVML: Failed to get maximum GPU power draw, defaulting to 225W: Not Supported
2024/12/12 (20:38:10) | WARNING: Intel GPU: Failed to initialize PMU

2024/12/13 (03:22:12) | ===> btop++ v.1.4.0
2024/12/13 (03:22:12) | WARNING: NVML: Failed to get maximum GPU power draw, defaulting to 225W: Not Supported
2024/12/13 (03:22:12) | WARNING: Intel GPU: Failed to initialize PMU

2024/12/13 (03:23:25) | ===> btop++ v.1.4.0
2024/12/13 (03:23:25) | WARNING: NVML: Failed to get maximum GPU power draw, defaulting to 225W: Not Supported
2024/12/13 (03:23:25) | WARNING: Intel GPU: Failed to initialize PMU

2024/12/13 (03:24:12) | ===> btop++ v.1.4.0
2024/12/13 (03:24:12) | WARNING: NVML: Failed to get maximum GPU power draw, defaulting to 225W: Not Supported
2024/12/13 (03:24:12) | WARNING: Intel GPU: Failed to initialize PMU

2024/12/13 (05:01:58) | ===> btop++ v.1.4.0
2024/12/13 (05:01:58) | WARNING: NVML: Failed to get maximum GPU power draw, defaulting to 225W: Not Supported
2024/12/13 (05:01:58) | WARNING: Intel GPU: Failed to initialize PMU

2024/12/13 (15:43:17) | ===> btop++ v.1.4.0
2024/12/13 (15:43:17) | WARNING: NVML: Failed to get maximum GPU power draw, defaulting to 225W: Not Supported
2024/12/13 (15:43:17) | WARNING: Intel GPU: Failed to initialize PMU

2024/12/13 (16:17:41) | ===> btop++ v.1.4.0
2024/12/13 (16:17:41) | WARNING: NVML: Failed to get maximum GPU power draw, defaulting to 225W: Not Supported
2024/12/13 (16:17:41) | WARNING: Intel GPU: Failed to initialize PMU

2024/12/14 (21:19:38) | ===> btop++ v.1.4.0
2024/12/14 (21:19:38) | WARNING: NVML: Failed to get maximum GPU power draw, defaulting to 225W: Not Supported
2024/12/14 (21:19:39) | WARNING: Intel GPU: Failed to initialize PMU

2024/12/17 (04:08:03) | ===> btop++ v.1.4.0
2024/12/17 (04:08:03) | WARNING: NVML: Failed to get maximum GPU power draw, defaulting to 225W: Not Supported
2024/12/17 (04:08:03) | WARNING: Intel GPU: Failed to initialize PMU

2024/12/17 (15:50:09) | ===> btop++ v.1.4.0
2024/12/17 (15:50:09) | WARNING: NVML: Failed to get maximum GPU power draw, defaulting to 225W: Not Supported
2024/12/17 (15:50:09) | WARNING: Intel GPU: Failed to initialize PMU

2024/12/17 (15:51:27) | ===> btop++ v.1.4.0
2024/12/17 (15:51:27) | WARNING: NVML: Failed to get maximum GPU power draw, defaulting to 225W: Not Supported
2024/12/17 (15:51:27) | WARNING: Intel GPU: Failed to initialize PMU

2024/12/17 (16:05:51) | ===> btop++ v.1.4.0
2024/12/17 (16:05:51) | WARNING: NVML: Failed to get maximum GPU power draw, defaulting to 225W: Not Supported
2024/12/17 (16:05:51) | WARNING: Intel GPU: Failed to initialize PMU

2024/12/19 (23:20:21) | ===> btop++ v.1.4.0
2024/12/19 (23:20:21) | WARNING: NVML: Failed to get maximum GPU power draw, defaulting to 225W: Not Supported
2024/12/19 (23:20:21) | WARNING: Intel GPU: Failed to initialize PMU

2024/12/20 (23:58:20) | ===> btop++ v.1.4.0
2024/12/20 (23:58:20) | WARNING: NVML: Failed to get maximum GPU power draw, defaulting to 225W: Not Supported
2024/12/20 (23:58:20) | WARNING: Intel GPU: Failed to initialize PMU

2024/12/21 (00:07:30) | ===> btop++ v.1.4.0
2024/12/21 (00:07:30) | WARNING: NVML: Failed to get maximum GPU power draw, defaulting to 225W: Not Supported
2024/12/21 (00:07:30) | WARNING: Intel GPU: Failed to initialize PMU

2024/12/21 (00:52:43) | ===> btop++ v.1.4.0
2024/12/21 (00:52:43) | WARNING: NVML: Failed to get maximum GPU power draw, defaulting to 225W: Not Supported
2024/12/21 (00:52:43) | WARNING: Intel GPU: Failed to initialize PMU

2024/12/21 (01:00:40) | ===> btop++ v.1.4.0
2024/12/21 (01:00:40) | WARNING: NVML: Failed to get maximum GPU power draw, defaulting to 225W: Not Supported
2024/12/21 (01:00:40) | WARNING: Intel GPU: Failed to initialize PMU

2024/12/21 (01:01:49) | ===> btop++ v.1.4.0
2024/12/21 (01:01:49) | WARNING: NVML: Failed to get maximum GPU power draw, defaulting to 225W: Not Supported
2024/12/21 (01:01:49) | WARNING: Intel GPU: Failed to initialize PMU

2024/12/21 (01:03:39) | ===> btop++ v.1.4.0
2024/12/21 (01:03:39) | WARNING: NVML: Failed to get maximum GPU power draw, defaulting to 225W: Not Supported
2024/12/21 (01:03:39) | WARNING: Intel GPU: Failed to initialize PMU

2024/12/21 (01:16:49) | ===> btop++ v.1.4.0
2024/12/21 (01:16:49) | WARNING: NVML: Failed to get maximum GPU power draw, defaulting to 225W: Not Supported
2024/12/21 (01:16:49) | WARNING: Intel GPU: Failed to initialize PMU

2024/12/22 (21:21:50) | ===> btop++ v.1.4.0
2024/12/22 (21:21:50) | WARNING: NVML: Failed to get maximum GPU power draw, defaulting to 225W: Not Supported
2024/12/22 (21:21:50) | WARNING: Intel GPU: Failed to initialize PMU

2024/12/29 (23:35:22) | ===> btop++ v.1.4.0
2024/12/29 (23:35:22) | WARNING: NVML: Failed to get maximum GPU power draw, defaulting to 225W: Not Supported
2024/12/29 (23:35:22) | WARNING: Intel GPU: Failed to initialize PMU

2024/12/29 (23:46:41) | ===> btop++ v.1.4.0
2024/12/29 (23:46:41) | WARNING: NVML: Failed to get maximum GPU power draw, defaulting to 225W: Not Supported
2024/12/29 (23:46:41) | WARNING: Intel GPU: Failed to initialize PMU

2024/12/31 (01:54:32) | ===> btop++ v.1.4.0
2024/12/31 (01:54:32) | WARNING: NVML: Failed to get maximum GPU power draw, defaulting to 225W: Not Supported
2024/12/31 (01:54:32) | WARNING: Intel GPU: Failed to initialize PMU

2025/01/01 (03:06:11) | ===> btop++ v.1.4.0
2025/01/01 (03:06:11) | WARNING: NVML: Failed to get maximum GPU power draw, defaulting to 225W: Not Supported
2025/01/01 (03:06:11) | WARNING: Intel GPU: Failed to initialize PMU

2025/01/02 (01:44:59) | ===> btop++ v.1.4.0
2025/01/02 (01:44:59) | WARNING: NVML: Failed to get maximum GPU power draw, defaulting to 225W: Not Supported
2025/01/02 (01:44:59) | WARNING: Intel GPU: Failed to initialize PMU

2025/01/02 (01:45:23) | ===> btop++ v.1.4.0
2025/01/02 (01:45:23) | WARNING: NVML: Failed to get maximum GPU power draw, defaulting to 225W: Not Supported
2025/01/02 (01:45:23) | WARNING: Intel GPU: Failed to initialize PMU

2025/01/02 (01:51:09) | ===> btop++ v.1.4.0
2025/01/02 (01:51:09) | WARNING: NVML: Failed to get maximum GPU power draw, defaulting to 225W: Not Supported
2025/01/02 (01:51:09) | WARNING: Intel GPU: Failed to initialize PMU

2025/01/02 (03:11:30) | ===> btop++ v.1.4.0
2025/01/02 (03:11:30) | WARNING: NVML: Failed to get maximum GPU power draw, defaulting to 225W: Not Supported
2025/01/02 (03:11:30) | WARNING: Intel GPU: Failed to initialize PMU

2025/01/02 (03:15:08) | ===> btop++ v.1.4.0
2025/01/02 (03:15:08) | WARNING: NVML: Failed to get maximum GPU power draw, defaulting to 225W: Not Supported
2025/01/02 (03:15:08) | WARNING: Intel GPU: Failed to initialize PMU

2025/01/03 (01:00:11) | ===> btop++ v.1.4.0
2025/01/03 (01:00:11) | WARNING: NVML: Failed to get maximum GPU power draw, defaulting to 225W: Not Supported
2025/01/03 (01:00:11) | WARNING: Intel GPU: Failed to initialize PMU

2025/01/03 (03:08:37) | ===> btop++ v.1.4.0
2025/01/03 (03:08:37) | WARNING: NVML: Failed to get maximum GPU power draw, defaulting to 225W: Not Supported
2025/01/03 (03:08:37) | WARNING: Intel GPU: Failed to initialize PMU

2025/01/05 (00:51:56) | ===> btop++ v.1.4.0
2025/01/05 (00:51:56) | WARNING: NVML: Failed to get maximum GPU power draw, defaulting to 225W: Not Supported
2025/01/05 (00:51:56) | WARNING: Intel GPU: Failed to initialize PMU

2025/01/05 (00:53:00) | ===> btop++ v.1.4.0
2025/01/05 (00:53:00) | WARNING: NVML: Failed to get maximum GPU power draw, defaulting to 225W: Not Supported
2025/01/05 (00:53:00) | WARNING: Intel GPU: Failed to initialize PMU

2025/01/05 (01:12:22) | ===> btop++ v.1.4.0
2025/01/05 (01:12:22) | WARNING: NVML: Failed to get maximum GPU power draw, defaulting to 225W: Not Supported
2025/01/05 (01:12:22) | WARNING: Intel GPU: Failed to initialize PMU

2025/01/05 (01:16:02) | ===> btop++ v.1.4.0
2025/01/05 (01:16:02) | WARNING: NVML: Failed to get maximum GPU power draw, defaulting to 225W: Not Supported
2025/01/05 (01:16:02) | WARNING: Intel GPU: Failed to initialize PMU

2025/01/05 (01:27:36) | ===> btop++ v.1.4.0
2025/01/05 (01:27:36) | WARNING: NVML: Failed to get maximum GPU power draw, defaulting to 225W: Not Supported
2025/01/05 (01:27:36) | WARNING: Intel GPU: Failed to initialize PMU

2025/01/05 (01:41:08) | ===> btop++ v.1.4.0
2025/01/05 (01:41:08) | WARNING: NVML: Failed to get maximum GPU power draw, defaulting to 225W: Not Supported
2025/01/05 (01:41:08) | WARNING: Intel GPU: Failed to initialize PMU

2025/01/05 (01:41:27) | ===> btop++ v.1.4.0
2025/01/05 (01:41:27) | WARNING: NVML: Failed to get maximum GPU power draw, defaulting to 225W: Not Supported
2025/01/05 (01:41:27) | WARNING: Intel GPU: Failed to initialize PMU

2025/01/05 (01:49:01) | ===> btop++ v.1.4.0
2025/01/05 (01:49:01) | WARNING: NVML: Failed to get maximum GPU power draw, defaulting to 225W: Not Supported
2025/01/05 (01:49:01) | WARNING: Intel GPU: Failed to initialize PMU

2025/01/05 (02:19:38) | ===> btop++ v.1.4.0
2025/01/05 (02:19:38) | WARNING: NVML: Failed to get maximum GPU power draw, defaulting to 225W: Not Supported
2025/01/05 (02:19:38) | WARNING: Intel GPU: Failed to initialize PMU

2025/01/06 (01:02:07) | ===> btop++ v.1.4.0
2025/01/06 (01:02:07) | WARNING: NVML: Failed to get maximum GPU power draw, defaulting to 225W: Not Supported
2025/01/06 (01:02:07) | WARNING: Intel GPU: Failed to initialize PMU

2025/01/06 (01:49:03) | ===> btop++ v.1.4.0
2025/01/06 (01:49:03) | WARNING: NVML: Failed to get maximum GPU power draw, defaulting to 225W: Not Supported
2025/01/06 (01:49:03) | WARNING: Intel GPU: Failed to initialize PMU

2025/01/06 (02:57:59) | ===> btop++ v.1.4.0
2025/01/06 (02:57:59) | WARNING: NVML: Failed to get maximum GPU power draw, defaulting to 225W: Not Supported
2025/01/06 (02:57:59) | WARNING: Intel GPU: Failed to initialize PMU

2025/01/06 (03:06:22) | ===> btop++ v.1.4.0
2025/01/06 (03:06:22) | WARNING: NVML: Failed to get maximum GPU power draw, defaulting to 225W: Not Supported
2025/01/06 (03:06:22) | WARNING: Intel GPU: Failed to initialize PMU

2025/01/06 (03:09:57) | ===> btop++ v.1.4.0
2025/01/06 (03:09:57) | WARNING: NVML: Failed to get maximum GPU power draw, defaulting to 225W: Not Supported
2025/01/06 (03:09:57) | WARNING: Intel GPU: Failed to initialize PMU

2025/01/06 (03:10:57) | ===> btop++ v.1.4.0
2025/01/06 (03:10:57) | WARNING: NVML: Failed to get maximum GPU power draw, defaulting to 225W: Not Supported
2025/01/06 (03:10:57) | WARNING: Intel GPU: Failed to initialize PMU

2025/01/06 (16:01:16) | ===> btop++ v.1.4.0
2025/01/06 (16:01:16) | WARNING: NVML: Failed to get maximum GPU power draw, defaulting to 225W: Not Supported
2025/01/06 (16:01:16) | WARNING: Intel GPU: Failed to initialize PMU

2025/01/10 (02:33:31) | ===> btop++ v.1.4.0
2025/01/10 (02:33:31) | WARNING: NVML: Failed to get maximum GPU power draw, defaulting to 225W: Not Supported
2025/01/10 (02:33:31) | WARNING: Intel GPU: Failed to initialize PMU

2025/01/14 (03:34:53) | ===> btop++ v.1.4.0
2025/01/14 (03:34:53) | WARNING: NVML: Failed to get maximum GPU power draw, defaulting to 225W: Not Supported
2025/01/14 (03:34:53) | WARNING: Intel GPU: Failed to initialize PMU

2025/01/14 (03:47:08) | ===> btop++ v.1.4.0
2025/01/14 (03:47:08) | WARNING: NVML: Failed to get maximum GPU power draw, defaulting to 225W: Not Supported
2025/01/14 (03:47:08) | WARNING: Intel GPU: Failed to initialize PMU

2025/01/16 (01:22:16) | ===> btop++ v.1.4.0
2025/01/16 (01:22:16) | WARNING: NVML: Failed to get maximum GPU power draw, defaulting to 225W: Not Supported
2025/01/16 (01:22:16) | WARNING: Intel GPU: Failed to initialize PMU

2025/01/16 (01:22:59) | ===> btop++ v.1.4.0
2025/01/16 (01:22:59) | WARNING: NVML: Failed to get maximum GPU power draw, defaulting to 225W: Not Supported
2025/01/16 (01:22:59) | WARNING: Intel GPU: Failed to initialize PMU

2025/01/17 (00:31:21) | ===> btop++ v.1.4.0
2025/01/17 (00:31:21) | WARNING: NVML: Failed to get maximum GPU power draw, defaulting to 225W: Not Supported
2025/01/17 (00:31:21) | WARNING: Intel GPU: Failed to initialize PMU

2025/01/17 (16:20:58) | ===> btop++ v.1.4.0
2025/01/17 (16:20:58) | WARNING: NVML: Failed to get maximum GPU power draw, defaulting to 225W: Not Supported
2025/01/17 (16:20:58) | WARNING: Intel GPU: Failed to initialize PMU

2025/01/20 (22:54:39) | ===> btop++ v.1.4.0
2025/01/20 (22:54:39) | WARNING: NVML: Failed to get maximum GPU power draw, defaulting to 225W: Not Supported
2025/01/20 (22:54:39) | WARNING: Intel GPU: Failed to initialize PMU

2025/01/24 (01:18:36) | ===> btop++ v.1.4.0
2025/01/24 (01:18:36) | WARNING: NVML: Failed to get maximum GPU power draw, defaulting to 225W: Not Supported
2025/01/24 (01:18:36) | WARNING: Intel GPU: Failed to initialize PMU

2025/01/24 (20:18:01) | ===> btop++ v.1.4.0
2025/01/24 (20:18:01) | WARNING: NVML: Failed to get maximum GPU power draw, defaulting to 225W: Not Supported
2025/01/24 (20:18:01) | WARNING: Intel GPU: Failed to initialize PMU

2025/01/25 (22:20:12) | ===> btop++ v.1.4.0
2025/01/25 (22:20:12) | WARNING: NVML: Failed to get maximum GPU power draw, defaulting to 225W: Not Supported
2025/01/25 (22:20:12) | WARNING: Intel GPU: Failed to initialize PMU

2025/01/25 (23:26:00) | ===> btop++ v.1.4.0
2025/01/25 (23:26:00) | WARNING: NVML: Failed to get maximum GPU power draw, defaulting to 225W: Not Supported
2025/01/25 (23:26:00) | WARNING: Intel GPU: Failed to initialize PMU

2025/01/26 (03:24:50) | ===> btop++ v.1.4.0
2025/01/26 (03:24:50) | WARNING: NVML: Failed to get maximum GPU power draw, defaulting to 225W: Not Supported
2025/01/26 (03:24:50) | WARNING: Intel GPU: Failed to initialize PMU

2025/01/26 (04:07:53) | ===> btop++ v.1.4.0
2025/01/26 (04:07:53) | WARNING: NVML: Failed to get maximum GPU power draw, defaulting to 225W: Not Supported
2025/01/26 (04:07:53) | WARNING: Intel GPU: Failed to initialize PMU

2025/01/26 (04:09:07) | ===> btop++ v.1.4.0
2025/01/26 (04:09:07) | WARNING: NVML: Failed to get maximum GPU power draw, defaulting to 225W: Not Supported
2025/01/26 (04:09:07) | WARNING: Intel GPU: Failed to initialize PMU

2025/01/27 (03:02:11) | ===> btop++ v.1.4.0
2025/01/27 (03:02:11) | WARNING: NVML: Failed to get maximum GPU power draw, defaulting to 225W: Not Supported
2025/01/27 (03:02:11) | WARNING: Intel GPU: Failed to initialize PMU

2025/01/27 (03:44:13) | ===> btop++ v.1.4.0
2025/01/27 (03:44:13) | WARNING: NVML: Failed to get maximum GPU power draw, defaulting to 225W: Not Supported
2025/01/27 (03:44:13) | WARNING: Intel GPU: Failed to initialize PMU

2025/01/27 (04:10:02) | ===> btop++ v.1.4.0
2025/01/27 (04:10:02) | WARNING: NVML: Failed to get maximum GPU power draw, defaulting to 225W: Not Supported
2025/01/27 (04:10:02) | WARNING: Intel GPU: Failed to initialize PMU

2025/01/28 (05:07:58) | ===> btop++ v.1.4.0
2025/01/28 (05:07:58) | WARNING: NVML: Failed to get maximum GPU power draw, defaulting to 225W: Not Supported
2025/01/28 (05:07:58) | WARNING: Intel GPU: Failed to initialize PMU

2025/01/29 (01:42:32) | ===> btop++ v.1.4.0
2025/01/29 (01:42:32) | WARNING: NVML: Failed to get maximum GPU power draw, defaulting to 225W: Not Supported
2025/01/29 (01:42:32) | WARNING: Intel GPU: Failed to initialize PMU

2025/01/29 (01:44:34) | ===> btop++ v.1.4.0
2025/01/29 (01:44:34) | WARNING: NVML: Failed to get maximum GPU power draw, defaulting to 225W: Not Supported
2025/01/29 (01:44:34) | WARNING: Intel GPU: Failed to initialize PMU

2025/01/29 (01:45:09) | ===> btop++ v.1.4.0
2025/01/29 (01:45:09) | WARNING: NVML: Failed to get maximum GPU power draw, defaulting to 225W: Not Supported
2025/01/29 (01:45:09) | WARNING: Intel GPU: Failed to initialize PMU

2025/01/29 (02:22:14) | ===> btop++ v.1.4.0
2025/01/29 (02:22:14) | WARNING: NVML: Failed to get maximum GPU power draw, defaulting to 225W: Not Supported
2025/01/29 (02:22:14) | WARNING: Intel GPU: Failed to initialize PMU

2025/02/02 (03:21:07) | ===> btop++ v.1.4.0
2025/02/02 (03:21:07) | WARNING: NVML: Failed to get maximum GPU power draw, defaulting to 225W: Not Supported
2025/02/02 (03:21:07) | WARNING: Intel GPU: Failed to initialize PMU

2025/02/02 (16:10:20) | ===> btop++ v.1.4.0
2025/02/02 (16:10:20) | WARNING: NVML: Failed to get maximum GPU power draw, defaulting to 225W: Not Supported
2025/02/02 (16:10:20) | WARNING: Intel GPU: Failed to initialize PMU

2025/02/02 (22:32:07) | ===> btop++ v.1.4.0
2025/02/02 (22:32:07) | WARNING: NVML: Failed to get maximum GPU power draw, defaulting to 225W: Not Supported
2025/02/02 (22:32:07) | WARNING: Intel GPU: Failed to initialize PMU

2025/02/03 (04:01:32) | ===> btop++ v.1.4.0
2025/02/03 (04:01:32) | WARNING: NVML: Failed to get maximum GPU power draw, defaulting to 225W: Not Supported
2025/02/03 (04:01:32) | WARNING: Intel GPU: Failed to initialize PMU

2025/02/07 (04:58:37) | ===> btop++ v.1.4.0
2025/02/07 (04:58:37) | WARNING: NVML: Failed to get maximum GPU power draw, defaulting to 225W: Not Supported
2025/02/07 (04:58:37) | WARNING: Intel GPU: Failed to initialize PMU

2025/02/10 (03:23:10) | ===> btop++ v.1.4.0
2025/02/10 (03:23:10) | WARNING: NVML: Failed to get maximum GPU power draw, defaulting to 225W: Not Supported
2025/02/10 (03:23:10) | WARNING: Intel GPU: Failed to initialize PMU

2025/02/10 (04:17:51) | ===> btop++ v.1.4.0
2025/02/10 (04:17:51) | WARNING: NVML: Failed to get maximum GPU power draw, defaulting to 225W: Not Supported
2025/02/10 (04:17:51) | WARNING: Intel GPU: Failed to initialize PMU

2025/02/13 (03:38:02) | ===> btop++ v.1.4.0
2025/02/13 (03:38:02) | WARNING: NVML: Failed to get maximum GPU power draw, defaulting to 225W: Not Supported
2025/02/13 (03:38:02) | WARNING: Intel GPU: Failed to initialize PMU

2025/02/13 (03:40:07) | ===> btop++ v.1.4.0
2025/02/13 (03:40:07) | WARNING: NVML: Failed to get maximum GPU power draw, defaulting to 225W: Not Supported
2025/02/13 (03:40:07) | WARNING: Intel GPU: Failed to initialize PMU

2025/02/17 (02:32:57) | ===> btop++ v.1.4.0
2025/02/17 (02:32:57) | WARNING: NVML: Failed to get maximum GPU power draw, defaulting to 225W: Not Supported
2025/02/17 (02:32:57) | WARNING: Intel GPU: Failed to initialize PMU

2025/02/17 (21:22:03) | ===> btop++ v.1.4.0
2025/02/17 (21:22:03) | WARNING: NVML: Failed to get maximum GPU power draw, defaulting to 225W: Not Supported
2025/02/17 (21:22:03) | WARNING: Intel GPU: Failed to initialize PMU

2025/02/17 (21:28:43) | ===> btop++ v.1.4.0
2025/02/17 (21:28:43) | WARNING: NVML: Failed to get maximum GPU power draw, defaulting to 225W: Not Supported
2025/02/17 (21:28:43) | WARNING: Intel GPU: Failed to initialize PMU

2025/02/17 (22:19:00) | ===> btop++ v.1.4.0
2025/02/17 (22:19:00) | WARNING: NVML: Failed to get maximum GPU power draw, defaulting to 225W: Not Supported
2025/02/17 (22:19:00) | WARNING: Intel GPU: Failed to initialize PMU

2025/02/17 (22:40:26) | ===> btop++ v.1.4.0
2025/02/17 (22:40:26) | WARNING: NVML: Failed to get maximum GPU power draw, defaulting to 225W: Not Supported
2025/02/17 (22:40:26) | WARNING: Intel GPU: Failed to initialize PMU

2025/02/17 (22:57:43) | ===> btop++ v.1.4.0
2025/02/17 (22:57:43) | WARNING: NVML: Failed to get maximum GPU power draw, defaulting to 225W: Not Supported
2025/02/17 (22:57:43) | WARNING: Intel GPU: Failed to initialize PMU

2025/02/19 (20:46:52) | ===> btop++ v.1.4.0
2025/02/19 (20:46:52) | WARNING: NVML: Failed to get maximum GPU power draw, defaulting to 225W: Not Supported
2025/02/19 (20:46:52) | WARNING: Intel GPU: Failed to initialize PMU

2025/02/25 (03:22:57) | ===> btop++ v.1.4.0
2025/02/25 (03:22:57) | WARNING: NVML: Failed to get maximum GPU power draw, defaulting to 225W: Not Supported
2025/02/25 (03:22:57) | WARNING: Intel GPU: Failed to initialize PMU

2025/02/25 (03:26:30) | ===> btop++ v.1.4.0
2025/02/25 (03:26:30) | WARNING: NVML: Failed to get maximum GPU power draw, defaulting to 225W: Not Supported
2025/02/25 (03:26:30) | WARNING: Intel GPU: Failed to initialize PMU

2025/02/28 (04:26:55) | ===> btop++ v.1.4.0
2025/02/28 (04:26:55) | WARNING: NVML: Failed to get maximum GPU power draw, defaulting to 225W: Not Supported
2025/02/28 (04:26:55) | WARNING: Intel GPU: Failed to initialize PMU

2025/03/01 (03:14:54) | ===> btop++ v.1.4.0
2025/03/01 (03:14:54) | WARNING: NVML: Failed to get maximum GPU power draw, defaulting to 225W: Not Supported
2025/03/01 (03:14:54) | WARNING: Intel GPU: Failed to initialize PMU

2025/03/05 (03:45:53) | ===> btop++ v.1.4.0
2025/03/05 (03:45:53) | WARNING: NVML: Failed to get maximum GPU power draw, defaulting to 225W: Not Supported
2025/03/05 (03:45:53) | WARNING: Intel GPU: Failed to initialize PMU

2025/03/05 (04:06:47) | ===> btop++ v.1.4.0
2025/03/05 (04:06:47) | WARNING: NVML: Failed to get maximum GPU power draw, defaulting to 225W: Not Supported
2025/03/05 (04:06:47) | WARNING: Intel GPU: Failed to initialize PMU

2025/03/05 (18:12:02) | ===> btop++ v.1.4.0
2025/03/05 (18:12:02) | WARNING: NVML: Failed to get maximum GPU power draw, defaulting to 225W: Not Supported
2025/03/05 (18:12:02) | WARNING: Intel GPU: Failed to initialize PMU

2025/03/05 (19:22:16) | ===> btop++ v.1.4.0
2025/03/05 (19:22:16) | WARNING: NVML: Failed to get maximum GPU power draw, defaulting to 225W: Not Supported
2025/03/05 (19:22:16) | WARNING: Intel GPU: Failed to initialize PMU

2025/03/07 (01:25:27) | ===> btop++ v.1.4.0
2025/03/07 (01:25:27) | WARNING: NVML: Failed to get maximum GPU power draw, defaulting to 225W: Not Supported
2025/03/07 (01:25:27) | WARNING: Intel GPU: Failed to initialize PMU

2025/03/07 (01:47:01) | ===> btop++ v.1.4.0
2025/03/07 (01:47:01) | WARNING: NVML: Failed to get maximum GPU power draw, defaulting to 225W: Not Supported
2025/03/07 (01:47:01) | WARNING: Intel GPU: Failed to initialize PMU

2025/03/07 (01:54:28) | ===> btop++ v.1.4.0
2025/03/07 (01:54:28) | WARNING: NVML: Failed to get maximum GPU power draw, defaulting to 225W: Not Supported
2025/03/07 (01:54:28) | WARNING: Intel GPU: Failed to initialize PMU

2025/03/07 (02:01:51) | ===> btop++ v.1.4.0
2025/03/07 (02:01:51) | WARNING: NVML: Failed to get maximum GPU power draw, defaulting to 225W: Not Supported
2025/03/07 (02:01:51) | WARNING: Intel GPU: Failed to initialize PMU

2025/03/07 (03:14:59) | ===> btop++ v.1.4.0
2025/03/07 (03:14:59) | WARNING: NVML: Failed to get maximum GPU power draw, defaulting to 225W: Not Supported
2025/03/07 (03:14:59) | WARNING: Intel GPU: Failed to initialize PMU

2025/03/08 (03:49:56) | ===> btop++ v.1.4.0
2025/03/08 (03:49:56) | WARNING: NVML: Failed to get maximum GPU power draw, defaulting to 225W: Not Supported
2025/03/08 (03:49:56) | WARNING: Intel GPU: Failed to initialize PMU

2025/03/09 (01:13:19) | ===> btop++ v.1.4.0
2025/03/09 (01:13:19) | WARNING: NVML: Failed to get maximum GPU power draw, defaulting to 225W: Not Supported
2025/03/09 (01:13:19) | WARNING: Intel GPU: Failed to initialize PMU

2025/03/09 (01:13:31) | ===> btop++ v.1.4.0
2025/03/09 (01:13:31) | WARNING: NVML: Failed to get maximum GPU power draw, defaulting to 225W: Not Supported
2025/03/09 (01:13:31) | WARNING: Intel GPU: Failed to initialize PMU

2025/03/13 (00:05:13) | ===> btop++ v.1.4.0
2025/03/13 (00:05:13) | WARNING: NVML: Failed to get maximum GPU power draw, defaulting to 225W: Not Supported
2025/03/13 (00:05:13) | WARNING: Intel GPU: Failed to initialize PMU

2025/03/16 (01:24:00) | ===> btop++ v.1.4.0
2025/03/16 (01:24:00) | WARNING: NVML: Failed to get maximum GPU power draw, defaulting to 225W: Not Supported
2025/03/16 (01:24:00) | WARNING: Intel GPU: Failed to initialize PMU

2025/03/16 (01:25:37) | ===> btop++ v.1.4.0
2025/03/16 (01:25:37) | WARNING: NVML: Failed to get maximum GPU power draw, defaulting to 225W: Not Supported
2025/03/16 (01:25:37) | WARNING: Intel GPU: Failed to initialize PMU

2025/03/16 (03:50:21) | ===> btop++ v.1.4.0
2025/03/16 (03:50:21) | WARNING: NVML: Failed to get maximum GPU power draw, defaulting to 225W: Not Supported
2025/03/16 (03:50:21) | WARNING: Intel GPU: Failed to initialize PMU

2025/03/16 (03:50:34) | ===> btop++ v.1.4.0
2025/03/16 (03:50:34) | WARNING: NVML: Failed to get maximum GPU power draw, defaulting to 225W: Not Supported
2025/03/16 (03:50:34) | WARNING: Intel GPU: Failed to initialize PMU

2025/03/21 (02:02:26) | ===> btop++ v.1.4.0
2025/03/21 (02:02:26) | WARNING: NVML: Failed to get maximum GPU power draw, defaulting to 225W: Not Supported
2025/03/21 (02:02:26) | WARNING: Intel GPU: Failed to initialize PMU
